#
# There is insufficient memory for the Java Runtime Environment to continue.
# Native memory allocation (malloc) failed to allocate 32744 bytes for ChunkPool::allocate
# Possible reasons:
#   The system is out of physical RAM or swap space
#   In 32 bit mode, the process size limit was hit
# Possible solutions:
#   Reduce memory load on the system
#   Increase physical memory or swap space
#   Check if swap backing store is full
#   Use 64 bit Java on a 64 bit OS
#   Decrease Java heap size (-Xmx/-Xms)
#   Decrease number of Java threads
#   Decrease Java thread stack sizes (-Xss)
#   Set larger code cache with -XX:ReservedCodeCacheSize=
# This output file may be truncated or incomplete.
#
#  Out of Memory Error (allocation.cpp:273), pid=18340, tid=0x00000000000021e0
#
# JRE version: Java(TM) SE Runtime Environment (8.0_151-b12) (build 1.8.0_151-b12)
# Java VM: Java HotSpot(TM) 64-Bit Server VM (25.151-b12 mixed mode windows-amd64 compressed oops)
# Failed to write core dump. Minidumps are not enabled by default on client versions of Windows
#

---------------  T H R E A D  ---------------

Current thread (0x00000000175e3000):  JavaThread "C2 CompilerThread1" daemon [_thread_in_native, id=8672, stack(0x0000000018d30000,0x0000000018e30000)]

Stack: [0x0000000018d30000,0x0000000018e30000]
[error occurred during error reporting (printing stack bounds), id 0xc0000005]

Native frames: (J=compiled Java code, j=interpreted, Vv=VM code, C=native code)


Current CompileTask:
C2: 336073  556       4       org.json.simple.JSONObject::toJSONString (52 bytes)


---------------  P R O C E S S  ---------------

Java Threads: ( => current thread )
  0x0000000018f50800 JavaThread "Keep-Alive-Timer" daemon [_thread_blocked, id=5212, stack(0x000000001b470000,0x000000001b570000)]
  0x0000000019bbf000 JavaThread "pool-1-thread-10" [_thread_blocked, id=6088, stack(0x000000001b270000,0x000000001b370000)]
  0x0000000019bbd000 JavaThread "pool-1-thread-9" [_thread_blocked, id=17272, stack(0x000000001af70000,0x000000001b070000)]
  0x0000000019bba000 JavaThread "pool-1-thread-8" [_thread_blocked, id=4484, stack(0x000000001ae70000,0x000000001af70000)]
  0x000000001932e800 JavaThread "pool-1-thread-7" [_thread_blocked, id=16860, stack(0x000000001ab70000,0x000000001ac70000)]
  0x0000000019bec800 JavaThread "pool-1-thread-6" [_thread_blocked, id=18232, stack(0x000000001aa70000,0x000000001ab70000)]
  0x0000000018f32000 JavaThread "pool-1-thread-5" [_thread_blocked, id=13164, stack(0x0000000019a30000,0x0000000019b30000)]
  0x0000000018f31800 JavaThread "pool-1-thread-4" [_thread_blocked, id=17360, stack(0x0000000019930000,0x0000000019a30000)]
  0x0000000004f00800 JavaThread "DestroyJavaVM" [_thread_blocked, id=14152, stack(0x0000000004e00000,0x0000000004f00000)]
  0x00000000191f9800 JavaThread "pool-1-thread-3" [_thread_blocked, id=19288, stack(0x0000000019830000,0x0000000019930000)]
  0x00000000191e5800 JavaThread "pool-1-thread-2" [_thread_blocked, id=14744, stack(0x0000000019730000,0x0000000019830000)]
  0x00000000190aa000 JavaThread "AMQP Connection 10.10.125.100:5672" [_thread_in_native, id=17256, stack(0x0000000019630000,0x0000000019730000)]
  0x0000000018f60800 JavaThread "Service Thread" daemon [_thread_blocked, id=10984, stack(0x0000000019330000,0x0000000019430000)]
  0x00000000175e5800 JavaThread "C1 CompilerThread2" daemon [_thread_blocked, id=6620, stack(0x0000000018e30000,0x0000000018f30000)]
=>0x00000000175e3000 JavaThread "C2 CompilerThread1" daemon [_thread_in_native, id=8672, stack(0x0000000018d30000,0x0000000018e30000)]
  0x00000000175df800 JavaThread "C2 CompilerThread0" daemon [_thread_in_native, id=11424, stack(0x0000000018c30000,0x0000000018d30000)]
  0x00000000175dc000 JavaThread "Attach Listener" daemon [_thread_blocked, id=10648, stack(0x0000000018b30000,0x0000000018c30000)]
  0x00000000175db000 JavaThread "Signal Dispatcher" daemon [_thread_blocked, id=6576, stack(0x0000000018a30000,0x0000000018b30000)]
  0x00000000175c9800 JavaThread "Finalizer" daemon [_thread_blocked, id=10680, stack(0x0000000018840000,0x0000000018940000)]
  0x0000000004ff2800 JavaThread "Reference Handler" daemon [_thread_blocked, id=18456, stack(0x0000000018740000,0x0000000018840000)]

Other Threads:
  0x00000000175a7800 VMThread [stack: 0x0000000018640000,0x0000000018740000] [id=9100]
  0x0000000018f80000 WatcherThread [stack: 0x0000000019430000,0x0000000019530000] [id=13292]

VM state:not at safepoint (normal execution)

VM Mutex/Monitor currently owned by a thread: None

Heap:
 PSYoungGen      total 18944K, used 9881K [0x00000000eb380000, 0x00000000ec880000, 0x0000000100000000)
  eden space 16384K, 46% used [0x00000000eb380000,0x00000000ebaeb030,0x00000000ec380000)
  from space 2560K, 89% used [0x00000000ec380000,0x00000000ec5bb650,0x00000000ec600000)
  to   space 2560K, 0% used [0x00000000ec600000,0x00000000ec600000,0x00000000ec880000)
 ParOldGen       total 44032K, used 144K [0x00000000c1a00000, 0x00000000c4500000, 0x00000000eb380000)
  object space 44032K, 0% used [0x00000000c1a00000,0x00000000c1a24010,0x00000000c4500000)
 Metaspace       used 6548K, capacity 6722K, committed 6784K, reserved 1056768K
  class space    used 772K, capacity 855K, committed 896K, reserved 1048576K

Card table byte_map: [0x00000000143c0000,0x00000000145c0000] byte_map_base: 0x0000000013db3000

Marking Bits: (ParMarkBitMap*) 0x000000005cc9d850
 Begin Bits: [0x0000000014b10000, 0x0000000015aa8000)
 End Bits:   [0x0000000015aa8000, 0x0000000016a40000)

Polling page: 0x0000000004cd0000

CodeCache: size=245760Kb used=2608Kb max_used=2608Kb free=243151Kb
 bounds [0x0000000005000000, 0x0000000005290000, 0x0000000014000000]
 total_blobs=867 nmethods=568 adapters=212
 compilation: enabled

Compilation events (10 events):
Event: 335.074 Thread 0x00000000175e5800  566       3       java.nio.charset.CharsetDecoder::reset (11 bytes)
Event: 335.074 Thread 0x00000000175e5800 nmethod 566 0x0000000005285ad0 code [0x0000000005285c20, 0x0000000005285e50]
Event: 335.074 Thread 0x00000000175e5800  567       3       java.nio.charset.CharsetDecoder::implReset (1 bytes)
Event: 335.074 Thread 0x00000000175e5800 nmethod 567 0x00000000052857d0 code [0x0000000005285920, 0x0000000005285a70]
Event: 335.074 Thread 0x00000000175e5800  568       3       java.lang.StringBuilder::append (8 bytes)
Event: 335.074 Thread 0x00000000175e5800 nmethod 568 0x000000000528d6d0 code [0x000000000528d840, 0x000000000528d9c8]
Event: 335.189 Thread 0x00000000175e5800  569       3       sun.util.logging.PlatformLogger$Level::intValue (9 bytes)
Event: 335.189 Thread 0x00000000175e5800 nmethod 569 0x000000000528d290 code [0x000000000528d400, 0x000000000528d610]
Event: 335.261 Thread 0x00000000175e5800  570  s    3       sun.net.www.MessageHeader::findValue (69 bytes)
Event: 335.261 Thread 0x00000000175e5800 nmethod 570 0x000000000528c650 code [0x000000000528c800, 0x000000000528cee8]

GC Heap History (2 events):
Event: 127.177 GC heap before
{Heap before GC invocations=1 (full 0):
 PSYoungGen      total 18944K, used 16384K [0x00000000eb380000, 0x00000000ec880000, 0x0000000100000000)
  eden space 16384K, 100% used [0x00000000eb380000,0x00000000ec380000,0x00000000ec380000)
  from space 2560K, 0% used [0x00000000ec600000,0x00000000ec600000,0x00000000ec880000)
  to   space 2560K, 0% used [0x00000000ec380000,0x00000000ec380000,0x00000000ec600000)
 ParOldGen       total 44032K, used 0K [0x00000000c1a00000, 0x00000000c4500000, 0x00000000eb380000)
  object space 44032K, 0% used [0x00000000c1a00000,0x00000000c1a00000,0x00000000c4500000)
 Metaspace       used 6520K, capacity 6658K, committed 6784K, reserved 1056768K
  class space    used 772K, capacity 855K, committed 896K, reserved 1048576K
Event: 127.181 GC heap after
Heap after GC invocations=1 (full 0):
 PSYoungGen      total 18944K, used 2285K [0x00000000eb380000, 0x00000000ec880000, 0x0000000100000000)
  eden space 16384K, 0% used [0x00000000eb380000,0x00000000eb380000,0x00000000ec380000)
  from space 2560K, 89% used [0x00000000ec380000,0x00000000ec5bb650,0x00000000ec600000)
  to   space 2560K, 0% used [0x00000000ec600000,0x00000000ec600000,0x00000000ec880000)
 ParOldGen       total 44032K, used 144K [0x00000000c1a00000, 0x00000000c4500000, 0x00000000eb380000)
  object space 44032K, 0% used [0x00000000c1a00000,0x00000000c1a24010,0x00000000c4500000)
 Metaspace       used 6520K, capacity 6658K, committed 6784K, reserved 1056768K
  class space    used 772K, capacity 855K, committed 896K, reserved 1048576K
}

Deoptimization events (1 events):
Event: 50.764 Thread 0x0000000018f32000 Uncommon trap: reason=unstable_if action=reinterpret pc=0x000000000521b480 method=java.lang.AbstractStringBuilder.delete(II)Ljava/lang/AbstractStringBuilder; @ 44

Internal exceptions (10 events):
Event: 123.387 Thread 0x00000000190aa000 Exception <a 'java/net/SocketTimeoutException': Read timed out> (0x00000000eb815b18) thrown at [C:\re\workspace\8-2-build-windows-amd64-cygwin\jdk8u151\9699\hotspot\src\share\vm\prims\jni.cpp, line 735]
Event: 142.326 Thread 0x00000000190aa000 Exception <a 'java/net/SocketTimeoutException': Read timed out> (0x00000000eb3dea58) thrown at [C:\re\workspace\8-2-build-windows-amd64-cygwin\jdk8u151\9699\hotspot\src\share\vm\prims\jni.cpp, line 735]
Event: 157.333 Thread 0x00000000190aa000 Exception <a 'java/net/SocketTimeoutException': Read timed out> (0x00000000eb3decb0) thrown at [C:\re\workspace\8-2-build-windows-amd64-cygwin\jdk8u151\9699\hotspot\src\share\vm\prims\jni.cpp, line 735]
Event: 172.343 Thread 0x00000000190aa000 Exception <a 'java/net/SocketTimeoutException': Read timed out> (0x00000000eb3def08) thrown at [C:\re\workspace\8-2-build-windows-amd64-cygwin\jdk8u151\9699\hotspot\src\share\vm\prims\jni.cpp, line 735]
Event: 196.494 Thread 0x00000000190aa000 Exception <a 'java/net/SocketTimeoutException': Read timed out> (0x00000000eb3df190) thrown at [C:\re\workspace\8-2-build-windows-amd64-cygwin\jdk8u151\9699\hotspot\src\share\vm\prims\jni.cpp, line 735]
Event: 211.499 Thread 0x00000000190aa000 Exception <a 'java/net/SocketTimeoutException': Read timed out> (0x00000000eb3df3e8) thrown at [C:\re\workspace\8-2-build-windows-amd64-cygwin\jdk8u151\9699\hotspot\src\share\vm\prims\jni.cpp, line 735]
Event: 226.511 Thread 0x00000000190aa000 Exception <a 'java/net/SocketTimeoutException': Read timed out> (0x00000000eb3df640) thrown at [C:\re\workspace\8-2-build-windows-amd64-cygwin\jdk8u151\9699\hotspot\src\share\vm\prims\jni.cpp, line 735]
Event: 241.525 Thread 0x00000000190aa000 Exception <a 'java/net/SocketTimeoutException': Read timed out> (0x00000000eb3df898) thrown at [C:\re\workspace\8-2-build-windows-amd64-cygwin\jdk8u151\9699\hotspot\src\share\vm\prims\jni.cpp, line 735]
Event: 272.253 Thread 0x00000000190aa000 Exception <a 'java/net/SocketTimeoutException': Read timed out> (0x00000000eb3e1420) thrown at [C:\re\workspace\8-2-build-windows-amd64-cygwin\jdk8u151\9699\hotspot\src\share\vm\prims\jni.cpp, line 735]
Event: 287.253 Thread 0x00000000190aa000 Exception <a 'java/net/SocketTimeoutException': Read timed out> (0x00000000eb3e1678) thrown at [C:\re\workspace\8-2-build-windows-amd64-cygwin\jdk8u151\9699\hotspot\src\share\vm\prims\jni.cpp, line 735]

Events (10 events):
Event: 334.951 Thread 0x00000000191f9800 DEOPT PACKING pc=0x000000000524a0b3 sp=0x000000001992e560
Event: 334.951 Thread 0x00000000191f9800 DEOPT UNPACKING pc=0x000000000504787f sp=0x000000001992e368 mode 0
Event: 334.952 Thread 0x00000000191f9800 DEOPT PACKING pc=0x000000000524a0b3 sp=0x000000001992e560
Event: 334.952 Thread 0x00000000191f9800 DEOPT UNPACKING pc=0x000000000504787f sp=0x000000001992e368 mode 0
Event: 334.967 Thread 0x00000000191f9800 DEOPT PACKING pc=0x000000000524a0b3 sp=0x000000001992e560
Event: 334.967 Thread 0x00000000191f9800 DEOPT UNPACKING pc=0x000000000504787f sp=0x000000001992e368 mode 0
Event: 335.278 Executing VM operation: RevokeBias
Event: 335.278 Executing VM operation: RevokeBias done
Event: 335.299 Executing VM operation: RevokeBias
Event: 335.299 Executing VM operation: RevokeBias done


Dynamic libraries:
0x00007ff7874a0000 - 0x00007ff7874d7000 	C:\Program Files\Java\jdk1.8.0_151\bin\java.exe
0x00007ff8ad2e0000 - 0x00007ff8ad4c0000 	C:\WINDOWS\SYSTEM32\ntdll.dll
0x00007ff8ab490000 - 0x00007ff8ab53e000 	C:\WINDOWS\System32\KERNEL32.DLL
0x00007ff8a9730000 - 0x00007ff8a9996000 	C:\WINDOWS\System32\KERNELBASE.dll
0x00007ff8ab5e0000 - 0x00007ff8ab681000 	C:\WINDOWS\System32\ADVAPI32.dll
0x00007ff8ab200000 - 0x00007ff8ab29d000 	C:\WINDOWS\System32\msvcrt.dll
0x00007ff8ab1a0000 - 0x00007ff8ab1fb000 	C:\WINDOWS\System32\sechost.dll
0x00007ff8aba00000 - 0x00007ff8abb1f000 	C:\WINDOWS\System32\RPCRT4.dll
0x00007ff8abc50000 - 0x00007ff8abddf000 	C:\WINDOWS\System32\USER32.dll
0x00007ff8aa690000 - 0x00007ff8aa6b0000 	C:\WINDOWS\System32\win32u.dll
0x00007ff8ab2a0000 - 0x00007ff8ab2c8000 	C:\WINDOWS\System32\GDI32.dll
0x00007ff8a9c20000 - 0x00007ff8a9db3000 	C:\WINDOWS\System32\gdi32full.dll
0x00007ff8a9e20000 - 0x00007ff8a9ebb000 	C:\WINDOWS\System32\msvcp_win.dll
0x00007ff8aa6b0000 - 0x00007ff8aa7a6000 	C:\WINDOWS\System32\ucrtbase.dll
0x00007ff89ea30000 - 0x00007ff89ec99000 	C:\WINDOWS\WinSxS\amd64_microsoft.windows.common-controls_6595b64144ccf1df_6.0.16299.248_none_15ced204935f55d7\COMCTL32.dll
0x00007ff8aace0000 - 0x00007ff8aafe8000 	C:\WINDOWS\System32\combase.dll
0x00007ff8a9ec0000 - 0x00007ff8a9f32000 	C:\WINDOWS\System32\bcryptPrimitives.dll
0x00007ff8ad280000 - 0x00007ff8ad2ad000 	C:\WINDOWS\System32\IMM32.DLL
0x000000005c3a0000 - 0x000000005c472000 	C:\Program Files\Java\jdk1.8.0_151\jre\bin\msvcr100.dll
0x000000005c480000 - 0x000000005cd1d000 	C:\Program Files\Java\jdk1.8.0_151\jre\bin\server\jvm.dll
0x00007ff8aacd0000 - 0x00007ff8aacd8000 	C:\WINDOWS\System32\PSAPI.DLL
0x00007ff89fa50000 - 0x00007ff89fa5a000 	C:\WINDOWS\SYSTEM32\VERSION.dll
0x00007ff89a3f0000 - 0x00007ff89a413000 	C:\WINDOWS\SYSTEM32\WINMM.dll
0x00007ff8a24c0000 - 0x00007ff8a24c9000 	C:\WINDOWS\SYSTEM32\WSOCK32.dll
0x00007ff8ab990000 - 0x00007ff8ab9fc000 	C:\WINDOWS\System32\WS2_32.dll
0x00007ff89a3c0000 - 0x00007ff89a3ea000 	C:\WINDOWS\SYSTEM32\winmmbase.dll
0x00007ff8a96e0000 - 0x00007ff8a972a000 	C:\WINDOWS\System32\cfgmgr32.dll
0x000000005c350000 - 0x000000005c35f000 	C:\Program Files\Java\jdk1.8.0_151\jre\bin\verify.dll
0x000000005c320000 - 0x000000005c349000 	C:\Program Files\Java\jdk1.8.0_151\jre\bin\java.dll
0x000000005c300000 - 0x000000005c316000 	C:\Program Files\Java\jdk1.8.0_151\jre\bin\zip.dll
0x00007ff8abde0000 - 0x00007ff8ad216000 	C:\WINDOWS\System32\SHELL32.dll
0x00007ff8abba0000 - 0x00007ff8abc46000 	C:\WINDOWS\System32\shcore.dll
0x00007ff8a9f40000 - 0x00007ff8aa687000 	C:\WINDOWS\System32\windows.storage.dll
0x00007ff8ab2d0000 - 0x00007ff8ab321000 	C:\WINDOWS\System32\shlwapi.dll
0x00007ff8a9650000 - 0x00007ff8a9661000 	C:\WINDOWS\System32\kernel.appcore.dll
0x00007ff8a9670000 - 0x00007ff8a96bc000 	C:\WINDOWS\System32\powrprof.dll
0x00007ff8a96c0000 - 0x00007ff8a96db000 	C:\WINDOWS\System32\profapi.dll
0x000000005c2e0000 - 0x000000005c2fa000 	C:\Program Files\Java\jdk1.8.0_151\jre\bin\net.dll
0x00007ff8a8ec0000 - 0x00007ff8a8f26000 	C:\WINDOWS\system32\mswsock.dll
0x00007ff8a8c90000 - 0x00007ff8a8d46000 	C:\WINDOWS\SYSTEM32\DNSAPI.dll
0x00007ff8ab330000 - 0x00007ff8ab338000 	C:\WINDOWS\System32\NSI.dll
0x00007ff8a8c50000 - 0x00007ff8a8c89000 	C:\WINDOWS\SYSTEM32\IPHLPAPI.DLL
0x00007ff8a21a0000 - 0x00007ff8a21aa000 	C:\Windows\System32\rasadhlp.dll
0x00007ff8a2700000 - 0x00007ff8a2770000 	C:\WINDOWS\System32\fwpuclnt.dll
0x00007ff8a9190000 - 0x00007ff8a91b5000 	C:\WINDOWS\SYSTEM32\bcrypt.dll

VM Arguments:
jvm_args: -Dfile.encoding=UTF-8 
java_command: servermaster.ServerMaster
java_class_path (initial): C:\Users\JovanaStamenkovic\Desktop\amqp-client-4.0.2.jar;C:\Users\JovanaStamenkovic\Desktop\slf4j-api-1.7.21.jar;C:\Users\JovanaStamenkovic\Desktop\slf4j-simple-1.7.22.jar;C:\Users\JovanaStamenkovic\Desktop\json-simple-1.1.1 (2).jar;C:\Users\JovanaStamenkovic\Documents\NetBeansProjects\ServerMaster\build\classes
Launcher Type: SUN_STANDARD

Environment Variables:
JAVA_HOME=C:\Program Files\Java\jdk1.8.0_151\bin
CLASSPATH=C:\Users\JovanaStamenkovic\Documents\NetBeansProjects\ServerInstance\src
PATH=C:\WINDOWS\system32;C:\WINDOWS;C:\WINDOWS\System32\Wbem;C:\WINDOWS\System32\WindowsPowerShell\v1.0\;C:\Program Files\dotnet\;C:\Program Files\Microsoft SQL Server\130\Tools\Binn\;C:\Program Files\Git\cmd;C:\Program Files\Java\jdk1.8.0_151\bin;C:\Users\JovanaStamenkovic\AppData\Local\Microsoft\WindowsApps;
USERNAME=JovanaStamenkovic
OS=Windows_NT
PROCESSOR_IDENTIFIER=Intel64 Family 6 Model 142 Stepping 9, GenuineIntel



---------------  S Y S T E M  ---------------

OS: Windows 10.0 , 64 bit Build 16299 (10.0.16299.15)

CPU:total 4 (initial active 4) (2 cores per cpu, 2 threads per core) family 6 model 142 stepping 9, cmov, cx8, fxsr, mmx, sse, sse2, sse3, ssse3, sse4.1, sse4.2, popcnt, avx, avx2, aes, clmul, erms, 3dnowpref, lzcnt, ht, tsc, tscinvbit, bmi1, bmi2, adx

Memory: 4k page, physical 4084224k(566640k free), swap 16667136k(3744k free)

vm_info: Java HotSpot(TM) 64-Bit Server VM (25.151-b12) for windows-amd64 JRE (1.8.0_151-b12), built on Sep  5 2017 19:33:46 by "java_re" with MS VC++ 10.0 (VS2010)

time: Tue Feb 20 23:29:23 2018
elapsed time: 336 seconds (0d 0h 5m 36s)

