#
# There is insufficient memory for the Java Runtime Environment to continue.
# Native memory allocation (malloc) failed to allocate 1048576 bytes for AllocateHeap
# Possible reasons:
#   The system is out of physical RAM or swap space
#   In 32 bit mode, the process size limit was hit
# Possible solutions:
#   Reduce memory load on the system
#   Increase physical memory or swap space
#   Check if swap backing store is full
#   Use 64 bit Java on a 64 bit OS
#   Decrease Java heap size (-Xmx/-Xms)
#   Decrease number of Java threads
#   Decrease Java thread stack sizes (-Xss)
#   Set larger code cache with -XX:ReservedCodeCacheSize=
# This output file may be truncated or incomplete.
#
#  Out of Memory Error (memory/allocation.inline.hpp:61), pid=18104, tid=0x0000000000002994
#
# JRE version:  (8.0_151-b12) (build )
# Java VM: Java HotSpot(TM) 64-Bit Server VM (25.151-b12 mixed mode windows-amd64 compressed oops)
# Failed to write core dump. Minidumps are not enabled by default on client versions of Windows
#

---------------  T H R E A D  ---------------

Current thread (0x000000000421e800):  JavaThread "Unknown thread" [_thread_in_vm, id=10644, stack(0x0000000004280000,0x0000000004380000)]

Stack: [0x0000000004280000,0x0000000004380000]
[error occurred during error reporting (printing stack bounds), id 0xc0000005]

Native frames: (J=compiled Java code, j=interpreted, Vv=VM code, C=native code)


---------------  P R O C E S S  ---------------

Java Threads: ( => current thread )

Other Threads:

=>0x000000000421e800 (exited) JavaThread "Unknown thread" [_thread_in_vm, id=10644, stack(0x0000000004280000,0x0000000004380000)]

VM state:not at safepoint (normal execution)

VM Mutex/Monitor currently owned by a thread: None

Heap:
 PSYoungGen      total 18944K, used 327K [0x00000000eb380000, 0x00000000ec880000, 0x0000000100000000)
  eden space 16384K, 2% used [0x00000000eb380000,0x00000000eb3d1ec8,0x00000000ec380000)
  from space 2560K, 0% used [0x00000000ec600000,0x00000000ec600000,0x00000000ec880000)
  to   space 2560K, 0% used [0x00000000ec380000,0x00000000ec380000,0x00000000ec600000)
 ParOldGen       total 44032K, used 0K [0x00000000c1a00000, 0x00000000c4500000, 0x00000000eb380000)
  object space 44032K, 0% used [0x00000000c1a00000,0x00000000c1a00000,0x00000000c4500000)
 Metaspace       used 770K, capacity 4480K, committed 4480K, reserved 1056768K
  class space    used 75K, capacity 384K, committed 384K, reserved 1048576K

Card table byte_map: [0x0000000013840000,0x0000000013a40000] byte_map_base: 0x0000000013233000

Marking Bits: (ParMarkBitMap*) 0x000000005cc9d850
 Begin Bits: [0x0000000013f90000, 0x0000000014f28000)
 End Bits:   [0x0000000014f28000, 0x0000000015ec0000)

Polling page: 0x00000000001f0000

CodeCache: size=245760Kb used=328Kb max_used=328Kb free=245431Kb
 bounds [0x0000000004480000, 0x00000000046f0000, 0x0000000013480000]
 total_blobs=58 nmethods=0 adapters=38
 compilation: enabled

Compilation events (0 events):
No events

GC Heap History (0 events):
No events

Deoptimization events (0 events):
No events

Internal exceptions (0 events):
No events

Events (10 events):
Event: 0.019 loading class java/lang/Short
Event: 0.019 loading class java/lang/Short done
Event: 0.019 loading class java/lang/Integer
Event: 0.019 loading class java/lang/Integer done
Event: 0.019 loading class java/lang/Long
Event: 0.019 loading class java/lang/Long done
Event: 0.020 loading class java/lang/NullPointerException
Event: 0.020 loading class java/lang/NullPointerException done
Event: 0.020 loading class java/lang/ArithmeticException
Event: 0.020 loading class java/lang/ArithmeticException done


Dynamic libraries:
0x00007ff601cf0000 - 0x00007ff601d27000 	C:\Program Files\Java\jdk1.8.0_151\jre\bin\java.exe
0x00007ff8ad2e0000 - 0x00007ff8ad4c0000 	C:\WINDOWS\SYSTEM32\ntdll.dll
0x00007ff8ab490000 - 0x00007ff8ab53e000 	C:\WINDOWS\System32\KERNEL32.DLL
0x00007ff8a9730000 - 0x00007ff8a9996000 	C:\WINDOWS\System32\KERNELBASE.dll
0x00007ff8ab5e0000 - 0x00007ff8ab681000 	C:\WINDOWS\System32\ADVAPI32.dll
0x00007ff8ab200000 - 0x00007ff8ab29d000 	C:\WINDOWS\System32\msvcrt.dll
0x00007ff8ab1a0000 - 0x00007ff8ab1fb000 	C:\WINDOWS\System32\sechost.dll
0x00007ff8aba00000 - 0x00007ff8abb1f000 	C:\WINDOWS\System32\RPCRT4.dll
0x00007ff8abc50000 - 0x00007ff8abddf000 	C:\WINDOWS\System32\USER32.dll
0x00007ff8aa690000 - 0x00007ff8aa6b0000 	C:\WINDOWS\System32\win32u.dll
0x00007ff8ab2a0000 - 0x00007ff8ab2c8000 	C:\WINDOWS\System32\GDI32.dll
0x00007ff8a9c20000 - 0x00007ff8a9db3000 	C:\WINDOWS\System32\gdi32full.dll
0x00007ff8a9e20000 - 0x00007ff8a9ebb000 	C:\WINDOWS\System32\msvcp_win.dll
0x00007ff8aa6b0000 - 0x00007ff8aa7a6000 	C:\WINDOWS\System32\ucrtbase.dll
0x00007ff89ea30000 - 0x00007ff89ec99000 	C:\WINDOWS\WinSxS\amd64_microsoft.windows.common-controls_6595b64144ccf1df_6.0.16299.248_none_15ced204935f55d7\COMCTL32.dll
0x00007ff8aace0000 - 0x00007ff8aafe8000 	C:\WINDOWS\System32\combase.dll
0x00007ff8a9ec0000 - 0x00007ff8a9f32000 	C:\WINDOWS\System32\bcryptPrimitives.dll
0x00007ff8ad280000 - 0x00007ff8ad2ad000 	C:\WINDOWS\System32\IMM32.DLL
0x000000005c3a0000 - 0x000000005c472000 	C:\Program Files\Java\jdk1.8.0_151\jre\bin\msvcr100.dll
0x000000005c480000 - 0x000000005cd1d000 	C:\Program Files\Java\jdk1.8.0_151\jre\bin\server\jvm.dll
0x00007ff8aacd0000 - 0x00007ff8aacd8000 	C:\WINDOWS\System32\PSAPI.DLL
0x00007ff8a24c0000 - 0x00007ff8a24c9000 	C:\WINDOWS\SYSTEM32\WSOCK32.dll
0x00007ff89fa50000 - 0x00007ff89fa5a000 	C:\WINDOWS\SYSTEM32\VERSION.dll
0x00007ff89a3f0000 - 0x00007ff89a413000 	C:\WINDOWS\SYSTEM32\WINMM.dll
0x00007ff8ab990000 - 0x00007ff8ab9fc000 	C:\WINDOWS\System32\WS2_32.dll
0x00007ff89a3c0000 - 0x00007ff89a3ea000 	C:\WINDOWS\SYSTEM32\winmmbase.dll
0x00007ff8a96e0000 - 0x00007ff8a972a000 	C:\WINDOWS\System32\cfgmgr32.dll
0x000000005c350000 - 0x000000005c35f000 	C:\Program Files\Java\jdk1.8.0_151\jre\bin\verify.dll
0x000000005c320000 - 0x000000005c349000 	C:\Program Files\Java\jdk1.8.0_151\jre\bin\java.dll
0x000000005c300000 - 0x000000005c316000 	C:\Program Files\Java\jdk1.8.0_151\jre\bin\zip.dll

VM Arguments:
java_command: servermaster.ServerInstance 171 172 357
java_class_path (initial): C:\Users\JovanaStamenkovic\Desktop\amqp-client-4.0.2.jar;C:\Users\JovanaStamenkovic\Desktop\slf4j-api-1.7.21.jar;C:\Users\JovanaStamenkovic\Desktop\slf4j-simple-1.7.22.jar;C:\Users\JovanaStamenkovic\Desktop\json-simple-1.1.1 (2).jar;C:\Users\JovanaStamenkovic\Documents\NetBeansProjects\ServerMaster\build\classes
Launcher Type: SUN_STANDARD

Environment Variables:
JAVA_HOME=C:\Program Files\Java\jdk1.8.0_151\bin
CLASSPATH=C:\Users\JovanaStamenkovic\Documents\NetBeansProjects\ServerInstance\src
PATH=C:\WINDOWS\system32;C:\WINDOWS;C:\WINDOWS\System32\Wbem;C:\WINDOWS\System32\WindowsPowerShell\v1.0\;C:\Program Files\dotnet\;C:\Program Files\Microsoft SQL Server\130\Tools\Binn\;C:\Program Files\Git\cmd;C:\Program Files\Java\jdk1.8.0_151\bin;C:\Users\JovanaStamenkovic\AppData\Local\Microsoft\WindowsApps;
USERNAME=JovanaStamenkovic
OS=Windows_NT
PROCESSOR_IDENTIFIER=Intel64 Family 6 Model 142 Stepping 9, GenuineIntel



---------------  S Y S T E M  ---------------

OS: Windows 10.0 , 64 bit Build 16299 (10.0.16299.15)

CPU:total 4 (initial active 4) (2 cores per cpu, 2 threads per core) family 6 model 142 stepping 9, cmov, cx8, fxsr, mmx, sse, sse2, sse3, ssse3, sse4.1, sse4.2, popcnt, avx, avx2, aes, clmul, erms, 3dnowpref, lzcnt, ht, tsc, tscinvbit, bmi1, bmi2, adx

Memory: 4k page, physical 4084224k(585300k free), swap 16667136k(6076k free)

vm_info: Java HotSpot(TM) 64-Bit Server VM (25.151-b12) for windows-amd64 JRE (1.8.0_151-b12), built on Sep  5 2017 19:33:46 by "java_re" with MS VC++ 10.0 (VS2010)

time: Tue Feb 20 17:11:27 2018
elapsed time: 0 seconds (0d 0h 0m 0s)

